<?xml version="1.0" encoding="UTF-8"?>
<!-- Generated by org.testng.reporters.JUnitXMLReporter -->
<testsuite hostname="LAPTOP-AP6VPMU3" ignored="0" name="Surefire test" tests="6" failures="0" timestamp="2021-02-07T05:36:21 GMT" time="0.048" errors="0">
  <testcase name="Test1" time="0.007" classname="learningmaven.MavenJava.AppTest"/>
  <testcase name="Test2" time="0.0" classname="learningmaven.MavenJava.AppTest"/>
  <testcase name="Test3" time="0.0" classname="learningmaven.MavenJava.NewTest"/>
  <testcase name="Test4" time="0.0" classname="learningmaven.MavenJava.NewTest"/>
  <testcase name="Test5" time="0.0" classname="learningmaven.MavenJava.SeleniumTest"/>
  <testcase name="Test6" time="0.001" classname="learningmaven.MavenJava.SeleniumTest"/>
</testsuite> <!-- Surefire test -->
