<?xml version="1.0" encoding="UTF-8"?>
<testsuite xmlns:xsi="http://www.w3.org/2001/XMLSchema-instance" xsi:noNamespaceSchemaLocation="https://maven.apache.org/surefire/maven-surefire-plugin/xsd/surefire-test-report.xsd" name="TestSuite" time="0.643" tests="6" errors="0" skipped="0" failures="0">
  <properties>
[...]
</properties>
  <testcase name="Test1" classname="learningmaven.MavenJava.AppTest" time="0.007"/>
  <testcase name="Test2" classname="learningmaven.MavenJava.AppTest" time="0.001"/>
  <testcase name="Test3" classname="learningmaven.MavenJava.NewTest" time="0.001"/>
  <testcase name="Test4" classname="learningmaven.MavenJava.NewTest" time="0.002"/>
  <testcase name="Test5" classname="learningmaven.MavenJava.SeleniumTest" time="0"/>
  <testcase name="Test6" classname="learningmaven.MavenJava.SeleniumTest" time="0"/>
</testsuite>