<?xml version="1.0" encoding="UTF-8"?>
<testng-results skipped="0" failed="0" ignored="0" total="6" passed="6">
  <reporter-output>
  </reporter-output>
  <suite name="Surefire suite" duration-ms="48" started-at="2021-02-07T05:36:21 GMT" finished-at="2021-02-07T05:36:21 GMT">
    <groups>
    </groups>
    <test name="Surefire test" duration-ms="48" started-at="2021-02-07T05:36:21 GMT" finished-at="2021-02-07T05:36:21 GMT">
      <class name="learningmaven.MavenJava.SeleniumTest">
        <test-method status="PASS" signature="Test6()[pri:0, instance:learningmaven.MavenJava.SeleniumTest@553f17c]" name="Test6" duration-ms="1" started-at="2021-02-07T05:36:21 GMT" finished-at="2021-02-07T05:36:21 GMT">
          <reporter-output>
          </reporter-output>
        </test-method> <!-- Test6 -->
        <test-method status="PASS" signature="Test5()[pri:0, instance:learningmaven.MavenJava.SeleniumTest@553f17c]" name="Test5" duration-ms="0" started-at="2021-02-07T05:36:21 GMT" finished-at="2021-02-07T05:36:21 GMT">
          <reporter-output>
          </reporter-output>
        </test-method> <!-- Test5 -->
      </class> <!-- learningmaven.MavenJava.SeleniumTest -->
      <class name="learningmaven.MavenJava.NewTest">
        <test-method status="PASS" signature="Test3()[pri:0, instance:learningmaven.MavenJava.NewTest@5f341870]" name="Test3" duration-ms="0" started-at="2021-02-07T05:36:21 GMT" finished-at="2021-02-07T05:36:21 GMT">
          <reporter-output>
          </reporter-output>
        </test-method> <!-- Test3 -->
        <test-method status="PASS" signature="Test4()[pri:0, instance:learningmaven.MavenJava.NewTest@5f341870]" name="Test4" duration-ms="0" started-at="2021-02-07T05:36:21 GMT" finished-at="2021-02-07T05:36:21 GMT">
          <reporter-output>
          </reporter-output>
        </test-method> <!-- Test4 -->
      </class> <!-- learningmaven.MavenJava.NewTest -->
      <class name="learningmaven.MavenJava.AppTest">
        <test-method status="PASS" signature="Test1()[pri:0, instance:learningmaven.MavenJava.AppTest@14bf9759]" name="Test1" duration-ms="7" started-at="2021-02-07T05:36:21 GMT" finished-at="2021-02-07T05:36:21 GMT">
          <reporter-output>
          </reporter-output>
        </test-method> <!-- Test1 -->
        <test-method status="PASS" signature="Test2()[pri:0, instance:learningmaven.MavenJava.AppTest@14bf9759]" name="Test2" duration-ms="0" started-at="2021-02-07T05:36:21 GMT" finished-at="2021-02-07T05:36:21 GMT">
          <reporter-output>
          </reporter-output>
        </test-method> <!-- Test2 -->
      </class> <!-- learningmaven.MavenJava.AppTest -->
    </test> <!-- Surefire test -->
  </suite> <!-- Surefire suite -->
</testng-results>
