<?xml version="1.0" encoding="UTF-8"?>
<testng-results ignored="0" total="2" passed="2" failed="0" skipped="0">
  <reporter-output>
  </reporter-output>
  <suite started-at="2020-07-30T16:13:22Z" name="Default suite" finished-at="2020-07-30T16:13:22Z" duration-ms="42">
    <groups>
    </groups>
    <test started-at="2020-07-30T16:13:22Z" name="Default test" finished-at="2020-07-30T16:13:22Z" duration-ms="42">
      <class name="learningmaven.MavenJava.AppTest">
        <test-method signature="Test1()[pri:0, instance:learningmaven.MavenJava.AppTest@4b168fa9]" started-at="2020-07-30T17:13:22Z" name="Test1" finished-at="2020-07-30T17:13:22Z" duration-ms="14" status="PASS">
          <reporter-output>
          </reporter-output>
        </test-method> <!-- Test1 -->
        <test-method signature="Test2()[pri:0, instance:learningmaven.MavenJava.AppTest@4b168fa9]" started-at="2020-07-30T17:13:22Z" name="Test2" finished-at="2020-07-30T17:13:22Z" duration-ms="2" status="PASS">
          <reporter-output>
          </reporter-output>
        </test-method> <!-- Test2 -->
      </class> <!-- learningmaven.MavenJava.AppTest -->
    </test> <!-- Default test -->
  </suite> <!-- Default suite -->
</testng-results>
